<?xml version="1.0"?>
<librec-auto>
	
	<splitter id="cross-valid-user-5">
		<split-type>kcv</split-type>
		<folds>5</folds>
		<split-dim>user-fixed</split-dim>
	</splitter>

	<!-- ALGORITHM SECTION -->
	<alg id="userknn">
		<param name="rec.recommender.similarities">user</param>
		<param name="rec.similarity.class">pcc</param>
		<param name="rec.neighbors.knn.number">50</param>
		<param name="rec.similarity.shrinkage">10</param>
	</alg>
	<!-- EVALUATION SECTION -->
	<metric id="ndcg">
		<param name="rec.eval.classes">ndcg</param>
		<param name="rec.recommender.isranking">true</param>
	</metric>

</librec-auto>
