<?xml version="1.0"?>

<librec-auto>
	<random-seed>201807</random-seed>
	<!-- PATH SECTION -->
	<path>
		<data>demo/data</data>
		<result>result</result>
		<log>log</log>
	</path>
	<!-- DATA SECTION -->
	<data>
		<train-file format="text">train-filmtrust.txt</train-file>
		<test-file>test-filmtrust.txt</test-file>
		<format>UIR</format>
	</data>
	<!-- SPLITTER SECTION NOT NEEDED -->

	<!-- ALGORITHM SECTION -->
	<alg>
		<class>net.librec.recommender.cf.ItemKNNRecommender</class>
		<similarity type="item">cos</similarity>
		<neighborhood-size>20</neighborhood-size>
	</alg>
	
	<!-- METRICS SECTION -->
	<metric>
		<class>rmse</class>
		<is-ranking>false</is-ranking>
	</metric>
</librec-auto>
