<?xml version="1.0"?>
<librec-auto>
	<!-- DATA SECTION -->
	<data id="filmtrust">
		<data-path>../lib/librec/data/filmtrust/rating</data-path>
		<data-format>text</data-format>
		<data-column>UIR</data-column>
	</data>
	
	<!-- SPLITTER SECTION -->
	<splitter id="single-split">
		<split-type>ratio</split-type>
		<split-ratio>0.8</split-ratio>
		<split-dim>rating</split-dim>
	</splitter>
	 
	<include>conf/test-include1.xml</include> # has definition for itemknn and rmse
	<!-- ALGORITHM SECTION -->
	<alg id="itemknn-basic50" ref="itemknn">
		<param name="rec.neighbors.knn.number">50</param>
		<param name="rec.similarity.shrinkage">10</param>
	</alg>
	
	<!-- EXPERIMENTS SECTION -->
	<exp id="FT-IB-err">
		<data ref="filmtrust" />
		<xform ref="binarize">
			<threshold>3</threshold>
		</xform>
		<splitter ref="single-split" />
		<alg ref="itemknn-basic50" />
		<metric ref="rmse" />
	</exp>
</librec-auto>
